<?xml version="1.0" encoding="UTF-8"?>
<!-- Generated by org.testng.reporters.JUnitReportReporter -->
<testsuite hostname="DESKTOP-V11EC1N" failures="0" tests="5" name="com.BusOnlineTicket.TestCases.HomePageTest" time="15.831" errors="0" timestamp="2022-08-01T17:53:07 IST" skipped="0">
  <testcase classname="com.BusOnlineTicket.TestCases.HomePageTest" name="verifyHomeUrl" time="0.007"/>
  <system-out>
    <![CDATA[Method name is: verifyHomeUrl
Status of execution is: 1]]>
  </system-out>
  <testcase classname="com.BusOnlineTicket.TestCases.HomePageTest" name="verifyHomePageTitle" time="0.005"/>
  <system-out>
    <![CDATA[Method name is: verifyHomePageTitle
Status of execution is: 1]]>
  </system-out>
  <testcase classname="com.BusOnlineTicket.TestCases.HomePageTest" name="bookBusTicket" time="8.752"/>
  <system-out>
    <![CDATA[Method name is: bookBusTicket
Status of execution is: 1]]>
  </system-out>
  <testcase classname="com.BusOnlineTicket.TestCases.HomePageTest" name="fillPassengerDetails" time="0.915"/>
  <system-out>
    <![CDATA[Method name is: fillPassengerDetails
Status of execution is: 1]]>
  </system-out>
  <testcase classname="com.BusOnlineTicket.TestCases.HomePageTest" name="verifyAlertPopupAndPrintAlertMsg" time="6.152"/>
  <system-out>
    <![CDATA[Method name is: verifyAlertPopupAndPrintAlertMsg
Status of execution is: 1]]>
  </system-out>
</testsuite> <!-- com.BusOnlineTicket.TestCases.HomePageTest -->
